java.lang.NoClassDefFoundError: NotExist
        at runtime.invokedynamic.MethodHandleConstantHelper.testFieldSignatureResolutionFailure(MethodHandleConstantHelper.jasm)
        at runtime.invokedynamic.MethodHandleConstantTest.test(MethodHandleConstantTest.java:51)
        at runtime.invokedynamic.MethodHandleConstantTest.main(MethodHandleConstantTest.java:67)
        at java.base/jdk.internal.reflect.NativeMethodAccessorImpl.invoke0(Native Method)
        at java.base/jdk.internal.reflect.NativeMethodAccessorImpl.invoke(NativeMethodAccessorImpl.java:62)
        at java.base/jdk.internal.reflect.DelegatingMethodAccessorImpl.invoke(DelegatingMethodAccessorImpl.java:43)
        at java.base/java.lang.reflect.Method.invoke(Method.java:567)
        at com.sun.javatest.regtest.agent.MainWrapper$MainThread.run(MainWrapper.java:127)
        at java.base/java.lang.Thread.run(Thread.java:830)
Caused by: java.lang.ClassNotFoundException: NotExist
        at java.base/jdk.internal.loader.BuiltinClassLoader.loadClass(BuiltinClassLoader.java:604)
        at java.base/jdk.internal.loader.ClassLoaders$AppClassLoader.loadClass(ClassLoaders.java:178)
        at java.base/java.lang.ClassLoader.loadClass(ClassLoader.java:521)
        ... 9 more
java.lang.AssertionError: testFieldSignatureResolutionFailure: wrong exception: java.lang.NoClassDefFoundError, but java.lang.NoSuchFieldError expected
        at runtime.invokedynamic.MethodHandleConstantTest.test(MethodHandleConstantTest.java:59)
        at runtime.invokedynamic.MethodHandleConstantTest.main(MethodHandleConstantTest.java:67)
        at java.base/jdk.internal.reflect.NativeMethodAccessorImpl.invoke0(Native Method)
        at java.base/jdk.internal.reflect.NativeMethodAccessorImpl.invoke(NativeMethodAccessorImpl.java:62)
        at java.base/jdk.internal.reflect.DelegatingMethodAccessorImpl.invoke(DelegatingMethodAccessorImpl.java:43)
        at java.base/java.lang.reflect.Method.invoke(Method.java:567)
        at com.sun.javatest.regtest.agent.MainWrapper$MainThread.run(MainWrapper.java:127)
        at java.base/java.lang.Thread.run(Thread.java:830)

JavaTest Message: Test threw exception: java.lang.AssertionError: testFieldSignatureResolutionFailure: wrong exception: java.lang.NoClassDefFoundError, but java.lang.NoSuchFieldError expected
JavaTest Message: shutting down test